-------------------------------------------------------------------------------
Test set: com.example.demo.JpaCaseApplicationTests
-------------------------------------------------------------------------------
Tests run: 1, Failures: 0, Errors: 1, Skipped: 0, Time elapsed: 0.246 s <<< FAILURE! - in com.example.demo.JpaCaseApplicationTests
initializationError(com.example.demo.JpaCaseApplicationTests)  Time elapsed: 0.007 s  <<< ERROR!
java.lang.Exception: No runnable methods

